<?xml version="1.0" encoding="UTF-8"?>
<coverage generated="1739407701743" clover="3.2.0">
  <project timestamp="1739407701743" name="All files">
    <metrics statements="25" coveredstatements="16" conditionals="3" coveredconditionals="2" methods="7" coveredmethods="3" elements="35" coveredelements="21" complexity="0" loc="25" ncloc="25" packages="1" files="1" classes="1"/>
    <file name="database.ts" path="/Users/davidrutledge/sig-verify-on-midnight-1.1/src/services/database.ts">
      <metrics statements="25" coveredstatements="16" conditionals="3" coveredconditionals="2" methods="7" coveredmethods="3"/>
      <line num="1" count="2" type="stmt"/>
      <line num="9" count="2" type="stmt"/>
      <line num="12" count="5" type="stmt"/>
      <line num="15" count="5" type="stmt"/>
      <line num="16" count="5" type="stmt"/>
      <line num="18" count="5" type="stmt"/>
      <line num="22" count="5" type="cond" truecount="1" falsecount="0"/>
      <line num="23" count="5" type="stmt"/>
      <line num="24" count="5" type="stmt"/>
      <line num="25" count="4" type="stmt"/>
      <line num="26" count="4" type="stmt"/>
      <line num="28" count="1" type="stmt"/>
      <line num="29" count="1" type="stmt"/>
      <line num="35" count="0" type="cond" truecount="0" falsecount="1"/>
      <line num="36" count="0" type="stmt"/>
      <line num="37" count="0" type="stmt"/>
      <line num="38" count="0" type="stmt"/>
      <line num="40" count="0" type="stmt"/>
      <line num="41" count="0" type="stmt"/>
      <line num="47" count="2" type="cond" truecount="1" falsecount="0"/>
      <line num="48" count="2" type="stmt"/>
      <line num="50" count="2" type="stmt"/>
      <line num="54" count="0" type="stmt"/>
      <line num="58" count="0" type="stmt"/>
      <line num="62" count="0" type="stmt"/>
    </file>
  </project>
</coverage>
