{"/Users/davidrutledge/sig-verify-on-midnight-1.1/src/services/database.ts": {"path":"/Users/davidrutledge/sig-verify-on-midnight-1.1/src/services/database.ts","statementMap":{"0":{"start":{"line":1,"column":0},"end":{"line":1,"column":64}},"1":{"start":{"line":15,"column":25},"end":{"line":15,"column":36}},"2":{"start":{"line":16,"column":25},"end":{"line":16,"column":39}},"3":{"start":{"line":12,"column":12},"end":{"line":12,"column":41}},"4":{"start":{"line":18,"column":8},"end":{"line":18,"column":43}},"5":{"start":{"line":22,"column":8},"end":{"line":31,"column":null}},"6":{"start":{"line":23,"column":12},"end":{"line":30,"column":null}},"7":{"start":{"line":24,"column":16},"end":{"line":24,"column":44}},"8":{"start":{"line":25,"column":16},"end":{"line":25,"column":54}},"9":{"start":{"line":26,"column":16},"end":{"line":26,"column":40}},"10":{"start":{"line":28,"column":16},"end":{"line":28,"column":71}},"11":{"start":{"line":29,"column":16},"end":{"line":29,"column":62}},"12":{"start":{"line":35,"column":8},"end":{"line":43,"column":null}},"13":{"start":{"line":36,"column":12},"end":{"line":42,"column":null}},"14":{"start":{"line":37,"column":16},"end":{"line":37,"column":42}},"15":{"start":{"line":38,"column":16},"end":{"line":38,"column":41}},"16":{"start":{"line":40,"column":16},"end":{"line":40,"column":76}},"17":{"start":{"line":41,"column":16},"end":{"line":41,"column":65}},"18":{"start":{"line":47,"column":8},"end":{"line":49,"column":null}},"19":{"start":{"line":48,"column":12},"end":{"line":48,"column":33}},"20":{"start":{"line":50,"column":8},"end":{"line":50,"column":43}},"21":{"start":{"line":54,"column":8},"end":{"line":54,"column":27}},"22":{"start":{"line":58,"column":8},"end":{"line":58,"column":32}},"23":{"start":{"line":62,"column":8},"end":{"line":62,"column":27}},"24":{"start":{"line":9,"column":0},"end":{"line":9,"column":13}}},"fnMap":{"0":{"name":"(anonymous_0)","decl":{"start":{"line":14,"column":4},"end":{"line":14,"column":null}},"loc":{"start":{"line":16,"column":39},"end":{"line":19,"column":5}}},"1":{"name":"(anonymous_1)","decl":{"start":{"line":21,"column":4},"end":{"line":21,"column":9}},"loc":{"start":{"line":21,"column":17},"end":{"line":32,"column":5}}},"2":{"name":"(anonymous_2)","decl":{"start":{"line":34,"column":4},"end":{"line":34,"column":9}},"loc":{"start":{"line":34,"column":20},"end":{"line":44,"column":5}}},"3":{"name":"(anonymous_3)","decl":{"start":{"line":46,"column":4},"end":{"line":46,"column":9}},"loc":{"start":{"line":46,"column":56},"end":{"line":51,"column":5}}},"4":{"name":"(anonymous_4)","decl":{"start":{"line":53,"column":4},"end":{"line":53,"column":13}},"loc":{"start":{"line":53,"column":13},"end":{"line":55,"column":5}}},"5":{"name":"(anonymous_5)","decl":{"start":{"line":57,"column":4},"end":{"line":57,"column":25}},"loc":{"start":{"line":57,"column":25},"end":{"line":59,"column":5}}},"6":{"name":"(anonymous_6)","decl":{"start":{"line":61,"column":4},"end":{"line":61,"column":19}},"loc":{"start":{"line":61,"column":19},"end":{"line":63,"column":5}}}},"branchMap":{"0":{"loc":{"start":{"line":22,"column":8},"end":{"line":31,"column":null}},"type":"if","locations":[{"start":{"line":22,"column":8},"end":{"line":31,"column":null}}]},"1":{"loc":{"start":{"line":35,"column":8},"end":{"line":43,"column":null}},"type":"if","locations":[{"start":{"line":35,"column":8},"end":{"line":43,"column":null}}]},"2":{"loc":{"start":{"line":47,"column":8},"end":{"line":49,"column":null}},"type":"if","locations":[{"start":{"line":47,"column":8},"end":{"line":49,"column":null}}]}},"s":{"0":2,"1":5,"2":5,"3":5,"4":5,"5":5,"6":5,"7":5,"8":4,"9":4,"10":1,"11":1,"12":0,"13":0,"14":0,"15":0,"16":0,"17":0,"18":2,"19":2,"20":2,"21":0,"22":0,"23":0,"24":2},"f":{"0":5,"1":5,"2":0,"3":2,"4":0,"5":0,"6":0},"b":{"0":[5],"1":[0],"2":[2]}}
}
