TN:
SF:src/services/database.ts
FN:14,(anonymous_0)
FN:21,(anonymous_1)
FN:34,(anonymous_2)
FN:46,(anonymous_3)
FN:53,(anonymous_4)
FN:57,(anonymous_5)
FN:61,(anonymous_6)
FNF:7
FNH:3
FNDA:5,(anonymous_0)
FNDA:5,(anonymous_1)
FNDA:0,(anonymous_2)
FNDA:2,(anonymous_3)
FNDA:0,(anonymous_4)
FNDA:0,(anonymous_5)
FNDA:0,(anonymous_6)
DA:1,2
DA:9,2
DA:12,5
DA:15,5
DA:16,5
DA:18,5
DA:22,5
DA:23,5
DA:24,5
DA:25,4
DA:26,4
DA:28,1
DA:29,1
DA:35,0
DA:36,0
DA:37,0
DA:38,0
DA:40,0
DA:41,0
DA:47,2
DA:48,2
DA:50,2
DA:54,0
DA:58,0
DA:62,0
LF:25
LH:16
BRDA:22,0,0,5
BRDA:35,1,0,0
BRDA:47,2,0,2
BRF:3
BRH:2
end_of_record
